{
  "RSpec": {
    "coverage": {
      "/Users/elizibin/Desktop/rails/fundzy/spec/support/login_helpers.rb": [
        1,
        null,
        1,
        27,
        null,
        null,
        null
      ],
      "/Users/elizibin/Desktop/rails/fundzy/app/controllers/campaigns_controller.rb": [
        1,
        1,
        1,
        null,
        null,
        1,
        8,
        null,
        null,
        1,
        2,
        null,
        null,
        1,
        6,
        6,
        6,
        3,
        3,
        null,
        3,
        3,
        null,
        null,
        null,
        null,
        null,
        1,
        null,
        null,
        null,
        1,
        null,
        null,
        null,
        1,
        null,
        null,
        6,
        6,
        3,
        null,
        3,
        3,
        null,
        null,
        null,
        1,
        3,
        null,
        null,
        2,
        null,
        null,
        1,
        null,
        1,
        12,
        null,
        null,
        1,
        16,
        null,
        null,
        1,
        3,
        null,
        null,
        null
      ],
      "/Users/elizibin/Desktop/rails/fundzy/app/controllers/application_controller.rb": [
        1,
        null,
        null,
        1,
        null,
        1,
        61,
        null,
        1,
        null,
        1,
        9,
        null,
        null,
        1,
        19,
        null,
        1,
        null,
        1,
        30,
        null,
        null,
        null
      ],
      "/Users/elizibin/Desktop/rails/fundzy/spec/controllers/pledges_controller_spec.rb": [
        1,
        null,
        1,
        null,
        10,
        9,
        1,
        null,
        2,
        null,
        1,
        null,
        1,
        1,
        1,
        1,
        null,
        null,
        null,
        1,
        null,
        null,
        null,
        null,
        5,
        null,
        1,
        1,
        4,
        null,
        null,
        1,
        4,
        null,
        null,
        1,
        1,
        1,
        null,
        null,
        1,
        1,
        null,
        null,
        1,
        1,
        1,
        null,
        null,
        null,
        1,
        null,
        null,
        null,
        null,
        null,
        null,
        null,
        null,
        1,
        null,
        1,
        2,
        1,
        1,
        1,
        null,
        null,
        null,
        1,
        5,
        null,
        1,
        4,
        null,
        1,
        3,
        null,
        null,
        1,
        4,
        null,
        null,
        1,
        1,
        1,
        null,
        null,
        1,
        1,
        1,
        null,
        null,
        null,
        1,
        1,
        1,
        1,
        null,
        null,
        null,
        null,
        null,
        null,
        null,
        null
      ],
      "/Users/elizibin/Desktop/rails/fundzy/app/controllers/pledges_controller.rb": [
        1,
        1,
        1,
        null,
        null,
        1,
        4,
        4,
        null,
        4,
        4,
        null,
        4,
        4,
        null,
        0,
        null,
        null,
        null,
        1,
        4,
        3,
        null,
        3,
        null,
        null,
        null,
        1,
        null,
        1,
        4,
        null,
        null,
        null,
        null,
        null,
        null,
        null,
        null,
        null,
        null
      ],
      "/Users/elizibin/Desktop/rails/fundzy/spec/controllers/sessions_controller_spec.rb": [
        1,
        null,
        1,
        null,
        10,
        null,
        null,
        1,
        1,
        1,
        1,
        null,
        null,
        null,
        1,
        1,
        null,
        1,
        3,
        null,
        null,
        1,
        null,
        null,
        null,
        1,
        1,
        null,
        null,
        1,
        1,
        1,
        null,
        null,
        1,
        1,
        1,
        null,
        null,
        null,
        1,
        null,
        1,
        3,
        null,
        null,
        1,
        1,
        1,
        null,
        null,
        1,
        1,
        1,
        null,
        null,
        null,
        1,
        1,
        1,
        null,
        null,
        null,
        null,
        1,
        null,
        1,
        null,
        3,
        3,
        null,
        null,
        1,
        null,
        1,
        null,
        null,
        1,
        1,
        null,
        1,
        1,
        null,
        null,
        null,
        null,
        null,
        null
      ],
      "/Users/elizibin/Desktop/rails/fundzy/app/controllers/sessions_controller.rb": [
        1,
        null,
        1,
        null,
        null,
        1,
        8,
        8,
        4,
        4,
        null,
        4,
        4,
        null,
        null,
        null,
        1,
        3,
        3,
        null,
        null,
        null
      ],
      "/Users/elizibin/Desktop/rails/fundzy/spec/controllers/users_controller_spec.rb": [
        1,
        null,
        1,
        1,
        null,
        1,
        1,
        2,
        null,
        null,
        1,
        1,
        null,
        null,
        1,
        1,
        null,
        null,
        null,
        null,
        1,
        1,
        null,
        1,
        4,
        null,
        null,
        1,
        4,
        null,
        null,
        1,
        1,
        null,
        null,
        1,
        1,
        1,
        null,
        null,
        1,
        1,
        1,
        null,
        null,
        null,
        null,
        1,
        null,
        1,
        null,
        3,
        null,
        null,
        1,
        4,
        null,
        1,
        1,
        1,
        null,
        1,
        1,
        1,
        null,
        null,
        null,
        null,
        null,
        null
      ],
      "/Users/elizibin/Desktop/rails/fundzy/app/controllers/users_controller.rb": [
        1,
        null,
        null,
        1,
        4,
        null,
        null,
        1,
        9,
        9,
        5,
        5,
        null,
        4,
        4,
        null,
        null,
        null,
        1,
        null,
        1,
        9,
        null,
        null,
        null
      ],
      "/Users/elizibin/Desktop/rails/fundzy/spec/features/campaigns_spec.rb": [
        1,
        null,
        1,
        1,
        1,
        null,
        1,
        null,
        1,
        null,
        null,
        1,
        1,
        1,
        null,
        null,
        1,
        1,
        1,
        null,
        null,
        1,
        1,
        1,
        null,
        null,
        1,
        null,
        null,
        null,
        null
      ],
      "/Users/elizibin/Desktop/rails/fundzy/spec/features/sessions_spec.rb": [
        1,
        null,
        1,
        3,
        null,
        1,
        1,
        1,
        1,
        1,
        1,
        null,
        1,
        1,
        1,
        null,
        null,
        null,
        1,
        1,
        1,
        1,
        1,
        null,
        1,
        1,
        1,
        null,
        null,
        null,
        null,
        null
      ],
      "/Users/elizibin/Desktop/rails/fundzy/spec/features/users_spec.rb": [
        1,
        null,
        1,
        1,
        1,
        1,
        1,
        null,
        1,
        1,
        1,
        1,
        1,
        1,
        null,
        null,
        1,
        1,
        null,
        1,
        1,
        1,
        null,
        null,
        null,
        1,
        1,
        1,
        1,
        1,
        null,
        1,
        1,
        null,
        null,
        null,
        null,
        null,
        null,
        null
      ],
      "/Users/elizibin/Desktop/rails/fundzy/spec/models/campaign_spec.rb": [
        1,
        null,
        1,
        1,
        null,
        null,
        null,
        1,
        null,
        1,
        null,
        1,
        null,
        1,
        null,
        null,
        null,
        1,
        null,
        1,
        null,
        1,
        null,
        null,
        1,
        null,
        null,
        null,
        1,
        1,
        null,
        1,
        null,
        1,
        null,
        null,
        null,
        1,
        null,
        null,
        null,
        1,
        1,
        null,
        1,
        null,
        1,
        null,
        null,
        null,
        null
      ],
      "/Users/elizibin/Desktop/rails/fundzy/app/models/campaign.rb": [
        1,
        null,
        null,
        null,
        1,
        1,
        null,
        1,
        1,
        null,
        1,
        1,
        null,
        null,
        null,
        null,
        null,
        null,
        null,
        null,
        null,
        null,
        null,
        null
      ],
      "/Users/elizibin/Desktop/rails/fundzy/spec/models/pledge_spec.rb": [
        1,
        null,
        1,
        null,
        null
      ],
      "/Users/elizibin/Desktop/rails/fundzy/app/models/pledge.rb": [
        1,
        1,
        1,
        null,
        1,
        null,
        null
      ],
      "/Users/elizibin/Desktop/rails/fundzy/spec/models/user_spec.rb": [
        1,
        null,
        1,
        null,
        4,
        null,
        1,
        null,
        1,
        null,
        1,
        null,
        1,
        null,
        1,
        null,
        1,
        1,
        1,
        null,
        1,
        null,
        1,
        1,
        1,
        1,
        null,
        null,
        1,
        null,
        null,
        null,
        1,
        1,
        null,
        null,
        1,
        null,
        null,
        null,
        null,
        1,
        null,
        1,
        null,
        null,
        null,
        null,
        1,
        null,
        null,
        1,
        null,
        1,
        1,
        null,
        null,
        null,
        null,
        1,
        null,
        1,
        null,
        1,
        null,
        null,
        null,
        null,
        null,
        null
      ],
      "/Users/elizibin/Desktop/rails/fundzy/app/models/user.rb": [
        1,
        1,
        null,
        1,
        1,
        null,
        1,
        null,
        1,
        1,
        1,
        1,
        1,
        null,
        null,
        null,
        1,
        6,
        null,
        null,
        1,
        null,
        1,
        80,
        75,
        null,
        5,
        null,
        null,
        null,
        null,
        null,
        null
      ]
    },
    "timestamp": 1457031849
  }
}
